<?xml version="1.0" encoding="UTF-8"?>
<testsuite xmlns:xsi="http://www.w3.org/2001/XMLSchema-instance" xsi:noNamespaceSchemaLocation="https://maven.apache.org/surefire/maven-surefire-plugin/xsd/surefire-test-report-3.0.xsd" version="3.0" name="com.example.demo.HelloControllerTest" time="8.182" tests="1" errors="0" skipped="0" failures="0">
  <properties>
[...]
</properties>
  <testcase name="hello_returnsGreeting" classname="com.example.demo.HelloControllerTest" time="2.794">
    <system-out><![CDATA[20:56:18.366 [main] INFO org.springframework.test.context.support.AnnotationConfigContextLoaderUtils -- Could not detect default configuration classes for test class [com.example.demo.HelloControllerTest]: HelloControllerTest does not declare any static, non-private, non-final, nested classes annotated with @Configuration.
20:56:18.642 [main] INFO org.springframework.boot.test.context.SpringBootTestContextBootstrapper -- Found @SpringBootConfiguration com.example.demo.DemoApplication for test class com.example.demo.HelloControllerTest

  .   ____          _            __ _ _
 /\\ / ___'_ __ _ _(_)_ __  __ _ \ \ \ \
( ( )\___ | '_ | '_| | '_ \/ _` | \ \ \ \
 \\/  ___)| |_)| | | | | || (_| |  ) ) ) )
  '  |____| .__|_| |_|_| |_\__, | / / / /
 =========|_|==============|___/=/_/_/_/

 :: Spring Boot ::                (v3.3.2)

2025-08-08T20:56:19.637-04:00  INFO 17968 --- [secure-lab] [           main] com.example.demo.HelloControllerTest     : Starting HelloControllerTest using Java 21.0.6 with PID 17968 (started by basti in C:\Users\basti\Documents\java\springboot-secure-lab)
2025-08-08T20:56:19.640-04:00  INFO 17968 --- [secure-lab] [           main] com.example.demo.HelloControllerTest     : No active profile set, falling back to 1 default profile: "default"
2025-08-08T20:56:23.189-04:00  INFO 17968 --- [secure-lab] [           main] o.s.b.t.m.w.SpringBootMockServletContext : Initializing Spring TestDispatcherServlet ''
2025-08-08T20:56:23.189-04:00  INFO 17968 --- [secure-lab] [           main] o.s.t.web.servlet.TestDispatcherServlet  : Initializing Servlet ''
2025-08-08T20:56:23.194-04:00  INFO 17968 --- [secure-lab] [           main] o.s.t.web.servlet.TestDispatcherServlet  : Completed initialization in 1 ms
2025-08-08T20:56:23.267-04:00  INFO 17968 --- [secure-lab] [           main] com.example.demo.HelloControllerTest     : Started HelloControllerTest in 4.261 seconds (process running for 8.571)
]]></system-out>
    <system-err><![CDATA[WARNING: A Java agent has been loaded dynamically (C:\Users\basti\.m2\repository\net\bytebuddy\byte-buddy-agent\1.14.18\byte-buddy-agent-1.14.18.jar)
WARNING: If a serviceability tool is in use, please run with -XX:+EnableDynamicAgentLoading to hide this warning
WARNING: If a serviceability tool is not in use, please run with -Djdk.instrument.traceUsage for more information
WARNING: Dynamic loading of agents will be disallowed by default in a future release
]]></system-err>
  </testcase>
</testsuite>